<?xml version="1.0" encoding="UTF-8"?>
<robot generator="Robot 5.0.1 (Python 3.10.6 on linux)" generated="20220829 09:28:59.291" rpa="false" schemaversion="3">
<suite id="s1" name="Test" source="/mnt/SSD-DADOS/Projetos/QA/qa-robot/hello/test.robot">
<test id="s1-t1" name="Deve retornar mensagem de boas vindas" line="5">
<kw name="Welcome" library="ola">
<var>${retorno}</var>
<arg>Diego</arg>
<msg timestamp="20220829 09:28:59.312" level="INFO">${retorno} = Olá Diego, bem vindo, parece que está tudo bem com a instalação</msg>
<status status="PASS" starttime="20220829 09:28:59.312" endtime="20220829 09:28:59.312"/>
</kw>
<kw name="Should Be Equal" library="BuiltIn">
<arg>${retorno}</arg>
<arg>Olá Diego, bem vindo, parece que está tudo bem com a instalação</arg>
<doc>Fails if the given objects are unequal.</doc>
<status status="PASS" starttime="20220829 09:28:59.313" endtime="20220829 09:28:59.313"/>
</kw>
<status status="PASS" starttime="20220829 09:28:59.312" endtime="20220829 09:28:59.313"/>
</test>
<status status="PASS" starttime="20220829 09:28:59.292" endtime="20220829 09:28:59.313"/>
</suite>
<statistics>
<total>
<stat pass="1" fail="0" skip="0">All Tests</stat>
</total>
<tag>
</tag>
<suite>
<stat pass="1" fail="0" skip="0" id="s1" name="Test">Test</stat>
</suite>
</statistics>
<errors>
</errors>
</robot>
